<?xml version="1.0" encoding="UTF-8"?>
<!-- Generated by org.testng.reporters.JUnitXMLReporter -->
<testsuite ignored="0" hostname="IN3TADW03036YKT" failures="0" tests="5" name="Test" time="84.133" errors="0" timestamp="2026-05-27T18:12:10 IST">
  <testcase classname="Tests.TC_1_Product_Search" name="capstoneautomation" time="1.315"/>
  <testcase classname="Tests.TC_2_Product_Add_To_Cart" name="capstoneautomation" time="2.391"/>
  <testcase classname="Tests.TC_3_Adding_Multiple_Products" name="capstoneautomation" time="1.24"/>
  <testcase classname="Tests.TC_4_Placing_Order" name="capstoneautomation" time="10.394"/>
  <testcase classname="Tests.TC_5_Navigation_Commands_Validation" name="capstoneautomation" time="2.631"/>
</testsuite> <!-- Test -->
