<?xml version="1.0" encoding="UTF-8"?>
<testng-results ignored="0" total="5" passed="5" failed="0" skipped="0">
  <reporter-output>
  </reporter-output>
  <suite started-at="2026-05-27T18:10:46 IST" name="Suite" finished-at="2026-05-27T18:12:10 IST" duration-ms="84133">
    <groups>
    </groups>
    <test started-at="2026-05-27T18:10:46 IST" name="Test" finished-at="2026-05-27T18:12:10 IST" duration-ms="84133">
      <class name="Tests.TC_2_Product_Add_To_Cart">
        <test-method is-config="true" signature="setup()[pri:0, instance:Tests.TC_2_Product_Add_To_Cart@6933b6c6]" started-at="2026-05-27T18:11:01 IST" name="setup" finished-at="2026-05-27T18:11:10 IST" duration-ms="9279" status="PASS">
          <reporter-output>
          </reporter-output>
        </test-method> <!-- setup -->
        <test-method signature="capstoneautomation(com.google.gson.JsonObject)[pri:0, instance:Tests.TC_2_Product_Add_To_Cart@6933b6c6]" started-at="2026-05-27T18:11:10 IST" name="capstoneautomation" data-provider="jsondata" finished-at="2026-05-27T18:11:12 IST" duration-ms="2391" status="PASS">
          <params>
            <param index="0">
              <value>
                <![CDATA[{"searchtext":"Cucumber","promo":"rahulshettyacademy"}]]>
              </value>
            </param>
          </params>
          <reporter-output>
          </reporter-output>
        </test-method> <!-- capstoneautomation -->
        <test-method is-config="true" signature="tearDown()[pri:0, instance:Tests.TC_2_Product_Add_To_Cart@6933b6c6]" started-at="2026-05-27T18:11:12 IST" name="tearDown" finished-at="2026-05-27T18:11:13 IST" duration-ms="1189" status="PASS">
          <reporter-output>
          </reporter-output>
        </test-method> <!-- tearDown -->
      </class> <!-- Tests.TC_2_Product_Add_To_Cart -->
      <class name="Tests.TC_1_Product_Search">
        <test-method is-config="true" signature="setup()[pri:0, instance:Tests.TC_1_Product_Search@6e535154]" started-at="2026-05-27T18:10:46 IST" name="setup" finished-at="2026-05-27T18:10:58 IST" duration-ms="11747" status="PASS">
          <reporter-output>
          </reporter-output>
        </test-method> <!-- setup -->
        <test-method signature="capstoneautomation(com.google.gson.JsonObject)[pri:0, instance:Tests.TC_1_Product_Search@6e535154]" started-at="2026-05-27T18:10:58 IST" name="capstoneautomation" data-provider="jsondata" finished-at="2026-05-27T18:10:59 IST" duration-ms="1315" status="PASS">
          <params>
            <param index="0">
              <value>
                <![CDATA[{"searchtext":"Cucumber","promo":"rahulshettyacademy"}]]>
              </value>
            </param>
          </params>
          <reporter-output>
          </reporter-output>
        </test-method> <!-- capstoneautomation -->
        <test-method is-config="true" signature="tearDown()[pri:0, instance:Tests.TC_1_Product_Search@6e535154]" started-at="2026-05-27T18:10:59 IST" name="tearDown" finished-at="2026-05-27T18:11:01 IST" duration-ms="1233" status="PASS">
          <reporter-output>
          </reporter-output>
        </test-method> <!-- tearDown -->
      </class> <!-- Tests.TC_1_Product_Search -->
      <class name="Tests.TC_3_Adding_Multiple_Products">
        <test-method is-config="true" signature="setup()[pri:0, instance:Tests.TC_3_Adding_Multiple_Products@7d3e8655]" started-at="2026-05-27T18:11:13 IST" name="setup" finished-at="2026-05-27T18:11:23 IST" duration-ms="10074" status="PASS">
          <reporter-output>
          </reporter-output>
        </test-method> <!-- setup -->
        <test-method signature="capstoneautomation(com.google.gson.JsonObject)[pri:0, instance:Tests.TC_3_Adding_Multiple_Products@7d3e8655]" started-at="2026-05-27T18:11:23 IST" name="capstoneautomation" data-provider="jsondata" finished-at="2026-05-27T18:11:25 IST" duration-ms="1240" status="PASS">
          <params>
            <param index="0">
              <value>
                <![CDATA[{"searchtext":"Cucumber","promo":"rahulshettyacademy"}]]>
              </value>
            </param>
          </params>
          <reporter-output>
          </reporter-output>
        </test-method> <!-- capstoneautomation -->
        <test-method is-config="true" signature="tearDown()[pri:0, instance:Tests.TC_3_Adding_Multiple_Products@7d3e8655]" started-at="2026-05-27T18:11:25 IST" name="tearDown" finished-at="2026-05-27T18:11:26 IST" duration-ms="1259" status="PASS">
          <reporter-output>
          </reporter-output>
        </test-method> <!-- tearDown -->
      </class> <!-- Tests.TC_3_Adding_Multiple_Products -->
      <class name="Tests.TC_4_Placing_Order">
        <test-method is-config="true" signature="setup()[pri:0, instance:Tests.TC_4_Placing_Order@7dfb0c0f]" started-at="2026-05-27T18:11:26 IST" name="setup" finished-at="2026-05-27T18:11:39 IST" duration-ms="13132" status="PASS">
          <reporter-output>
          </reporter-output>
        </test-method> <!-- setup -->
        <test-method signature="capstoneautomation(com.google.gson.JsonObject)[pri:0, instance:Tests.TC_4_Placing_Order@7dfb0c0f]" started-at="2026-05-27T18:11:39 IST" name="capstoneautomation" data-provider="jsondata" finished-at="2026-05-27T18:11:50 IST" duration-ms="10394" status="PASS">
          <params>
            <param index="0">
              <value>
                <![CDATA[{"searchtext":"Cucumber","promo":"rahulshettyacademy"}]]>
              </value>
            </param>
          </params>
          <reporter-output>
          </reporter-output>
        </test-method> <!-- capstoneautomation -->
        <test-method is-config="true" signature="tearDown()[pri:0, instance:Tests.TC_4_Placing_Order@7dfb0c0f]" started-at="2026-05-27T18:11:50 IST" name="tearDown" finished-at="2026-05-27T18:11:51 IST" duration-ms="1198" status="PASS">
          <reporter-output>
          </reporter-output>
        </test-method> <!-- tearDown -->
      </class> <!-- Tests.TC_4_Placing_Order -->
      <class name="Tests.TC_5_Navigation_Commands_Validation">
        <test-method is-config="true" signature="setup()[pri:0, instance:Tests.TC_5_Navigation_Commands_Validation@626abbd0]" started-at="2026-05-27T18:11:51 IST" name="setup" finished-at="2026-05-27T18:12:06 IST" duration-ms="15720" status="PASS">
          <reporter-output>
          </reporter-output>
        </test-method> <!-- setup -->
        <test-method signature="capstoneautomation(com.google.gson.JsonObject)[pri:0, instance:Tests.TC_5_Navigation_Commands_Validation@626abbd0]" started-at="2026-05-27T18:12:06 IST" name="capstoneautomation" data-provider="jsondata" finished-at="2026-05-27T18:12:09 IST" duration-ms="2631" status="PASS">
          <params>
            <param index="0">
              <value>
                <![CDATA[{"searchtext":"Cucumber","promo":"rahulshettyacademy"}]]>
              </value>
            </param>
          </params>
          <reporter-output>
          </reporter-output>
        </test-method> <!-- capstoneautomation -->
        <test-method is-config="true" signature="tearDown()[pri:0, instance:Tests.TC_5_Navigation_Commands_Validation@626abbd0]" started-at="2026-05-27T18:12:09 IST" name="tearDown" finished-at="2026-05-27T18:12:10 IST" duration-ms="1193" status="PASS">
          <reporter-output>
          </reporter-output>
        </test-method> <!-- tearDown -->
      </class> <!-- Tests.TC_5_Navigation_Commands_Validation -->
    </test> <!-- Test -->
  </suite> <!-- Suite -->
</testng-results>
